ERROR [2015-08-02 07:01:24,405] org.apache.tomcat.jdbc.pool.ConnectionPool: Unable to create initial connections of pool.
! java.lang.ClassNotFoundException: org.postgresql.Driver
! at java.net.URLClassLoader$1.run(URLClassLoader.java:366) ~[na:1.7.0_79]
! at java.net.URLClassLoader$1.run(URLClassLoader.java:355) ~[na:1.7.0_79]
! at java.security.AccessController.doPrivileged(Native Method) ~[na:1.7.0_79]
! at java.net.URLClassLoader.findClass(URLClassLoader.java:354) ~[na:1.7.0_79]
! at java.lang.ClassLoader.loadClass(ClassLoader.java:425) ~[na:1.7.0_79]
! at sun.misc.Launcher$AppClassLoader.loadClass(Launcher.java:308) ~[na:1.7.0_79]
! at java.lang.ClassLoader.loadClass(ClassLoader.java:358) ~[na:1.7.0_79]
! at java.lang.Class.forName0(Native Method) ~[na:1.7.0_79]
! at java.lang.Class.forName(Class.java:274) ~[na:1.7.0_79]
! at org.apache.tomcat.jdbc.pool.PooledConnection.connectUsingDriver(PooledConnection.java:246) ~[tomcat-jdbc-7.0.50.jar:na]
! ... 22 common frames omitted
! Causing: java.sql.SQLException: org.postgresql.Driver
! at org.apache.tomcat.jdbc.pool.PooledConnection.connectUsingDriver(PooledConnection.java:254) ~[tomcat-jdbc-7.0.50.jar:na]
! at org.apache.tomcat.jdbc.pool.PooledConnection.connect(PooledConnection.java:182) ~[tomcat-jdbc-7.0.50.jar:na]
! at org.apache.tomcat.jdbc.pool.ConnectionPool.createConnection(ConnectionPool.java:701) [tomcat-jdbc-7.0.50.jar:na]
! at org.apache.tomcat.jdbc.pool.ConnectionPool.borrowConnection(ConnectionPool.java:635) [tomcat-jdbc-7.0.50.jar:na]
! at org.apache.tomcat.jdbc.pool.ConnectionPool.init(ConnectionPool.java:486) [tomcat-jdbc-7.0.50.jar:na]
! at org.apache.tomcat.jdbc.pool.ConnectionPool.<init>(ConnectionPool.java:144) [tomcat-jdbc-7.0.50.jar:na]
! at org.apache.tomcat.jdbc.pool.DataSourceProxy.pCreatePool(DataSourceProxy.java:116) [tomcat-jdbc-7.0.50.jar:na]
! at org.apache.tomcat.jdbc.pool.DataSourceProxy.createPool(DataSourceProxy.java:103) [tomcat-jdbc-7.0.50.jar:na]
! at io.dropwizard.db.ManagedPooledDataSource.start(ManagedPooledDataSource.java:38) [dropwizard-db-0.7.1.jar:0.7.1]
! at io.dropwizard.lifecycle.JettyManaged.doStart(JettyManaged.java:27) [dropwizard-lifecycle-0.7.1.jar:0.7.1]
! at org.eclipse.jetty.util.component.AbstractLifeCycle.start(AbstractLifeCycle.java:69) [jetty-util-9.0.7.v20131107.jar:9.0.7.v20131107]
! at org.eclipse.jetty.util.component.ContainerLifeCycle.start(ContainerLifeCycle.java:118) [jetty-util-9.0.7.v20131107.jar:9.0.7.v20131107]
! at org.eclipse.jetty.server.Server.start(Server.java:342) [jetty-server-9.0.7.v20131107.jar:9.0.7.v20131107]
! at org.eclipse.jetty.util.component.ContainerLifeCycle.doStart(ContainerLifeCycle.java:100) [jetty-util-9.0.7.v20131107.jar:9.0.7.v20131107]
! at org.eclipse.jetty.server.handler.AbstractHandler.doStart(AbstractHandler.java:60) [jetty-server-9.0.7.v20131107.jar:9.0.7.v20131107]
! at org.eclipse.jetty.server.Server.doStart(Server.java:290) [jetty-server-9.0.7.v20131107.jar:9.0.7.v20131107]
! at org.eclipse.jetty.util.component.AbstractLifeCycle.start(AbstractLifeCycle.java:69) [jetty-util-9.0.7.v20131107.jar:9.0.7.v20131107]
! at io.dropwizard.cli.ServerCommand.run(ServerCommand.java:43) [dropwizard-core-0.7.1.jar:0.7.1]
! at io.dropwizard.cli.EnvironmentCommand.run(EnvironmentCommand.java:43) [dropwizard-core-0.7.1.jar:0.7.1]
! at io.dropwizard.cli.ConfiguredCommand.run(ConfiguredCommand.java:76) [dropwizard-core-0.7.1.jar:0.7.1]
! at io.dropwizard.cli.Cli.run(Cli.java:70) [dropwizard-core-0.7.1.jar:0.7.1]
! at io.dropwizard.Application.run(Application.java:72) [dropwizard-core-0.7.1.jar:0.7.1]
! at com.dw.planisto.application.PlanistoApplication.main(PlanistoApplication.java:20) [classes/:na]
WARN  [2015-08-02 07:01:24,412] org.eclipse.jetty.util.component.AbstractLifeCycle: FAILED io.dropwizard.db.ManagedPooledDataSource@1bf5d5bc{ConnectionPool[defaultAutoCommit=null; defaultReadOnly=null; defaultTransactionIsolation=-1; defaultCatalog=null; driverClassName=org.postgresql.Driver; maxActive=100; maxIdle=100; minIdle=10; initialSize=10; maxWait=30000; testOnBorrow=false; testOnReturn=false; timeBetweenEvictionRunsMillis=5000; numTestsPerEvictionRun=0; minEvictableIdleTimeMillis=60000; testWhileIdle=true; testOnConnect=true; password=********; url=jdbc:postgresql://localhost:5433/planisto; username=planisto_user; validationQuery=/* Health Check */ SELECT 1; validationQueryTimeout=-1; validatorClassName=null; validationInterval=30000; accessToUnderlyingConnectionAllowed=true; removeAbandoned=false; removeAbandonedTimeout=60; logAbandoned=false; connectionProperties=null; initSQL=null; jdbcInterceptors=null; jmxEnabled=true; fairQueue=true; useEquals=true; abandonWhenPercentageFull=0; maxAge=0; useLock=false; dataSource=null; dataSourceJNDI=null; suspectTimeout=0; alternateUsernameAllowed=false; commitOnReturn=false; rollbackOnReturn=false; useDisposableConnectionFacade=true; logValidationErrors=false; propagateInterruptState=false; ignoreExceptionOnPreLoad=false; }: java.sql.SQLException: org.postgresql.Driver
! java.lang.ClassNotFoundException: org.postgresql.Driver
! at java.net.URLClassLoader$1.run(URLClassLoader.java:366) ~[na:1.7.0_79]
! at java.net.URLClassLoader$1.run(URLClassLoader.java:355) ~[na:1.7.0_79]
! at java.security.AccessController.doPrivileged(Native Method) ~[na:1.7.0_79]
! at java.net.URLClassLoader.findClass(URLClassLoader.java:354) ~[na:1.7.0_79]
! at java.lang.ClassLoader.loadClass(ClassLoader.java:425) ~[na:1.7.0_79]
! at sun.misc.Launcher$AppClassLoader.loadClass(Launcher.java:308) ~[na:1.7.0_79]
! at java.lang.ClassLoader.loadClass(ClassLoader.java:358) ~[na:1.7.0_79]
! at java.lang.Class.forName0(Native Method) ~[na:1.7.0_79]
! at java.lang.Class.forName(Class.java:274) ~[na:1.7.0_79]
! at org.apache.tomcat.jdbc.pool.PooledConnection.connectUsingDriver(PooledConnection.java:246) ~[tomcat-jdbc-7.0.50.jar:na]
! ... 22 common frames omitted
! Causing: java.sql.SQLException: org.postgresql.Driver
! at org.apache.tomcat.jdbc.pool.PooledConnection.connectUsingDriver(PooledConnection.java:254) ~[tomcat-jdbc-7.0.50.jar:na]
! at org.apache.tomcat.jdbc.pool.PooledConnection.connect(PooledConnection.java:182) ~[tomcat-jdbc-7.0.50.jar:na]
! at org.apache.tomcat.jdbc.pool.ConnectionPool.createConnection(ConnectionPool.java:701) ~[tomcat-jdbc-7.0.50.jar:na]
! at org.apache.tomcat.jdbc.pool.ConnectionPool.borrowConnection(ConnectionPool.java:635) ~[tomcat-jdbc-7.0.50.jar:na]
! at org.apache.tomcat.jdbc.pool.ConnectionPool.init(ConnectionPool.java:486) ~[tomcat-jdbc-7.0.50.jar:na]
! at org.apache.tomcat.jdbc.pool.ConnectionPool.<init>(ConnectionPool.java:144) ~[tomcat-jdbc-7.0.50.jar:na]
! at org.apache.tomcat.jdbc.pool.DataSourceProxy.pCreatePool(DataSourceProxy.java:116) ~[tomcat-jdbc-7.0.50.jar:na]
! at org.apache.tomcat.jdbc.pool.DataSourceProxy.createPool(DataSourceProxy.java:103) ~[tomcat-jdbc-7.0.50.jar:na]
! at io.dropwizard.db.ManagedPooledDataSource.start(ManagedPooledDataSource.java:38) ~[dropwizard-db-0.7.1.jar:0.7.1]
! at io.dropwizard.lifecycle.JettyManaged.doStart(JettyManaged.java:27) ~[dropwizard-lifecycle-0.7.1.jar:0.7.1]
! at org.eclipse.jetty.util.component.AbstractLifeCycle.start(AbstractLifeCycle.java:69) [jetty-util-9.0.7.v20131107.jar:9.0.7.v20131107]
! at org.eclipse.jetty.util.component.ContainerLifeCycle.start(ContainerLifeCycle.java:118) [jetty-util-9.0.7.v20131107.jar:9.0.7.v20131107]
! at org.eclipse.jetty.server.Server.start(Server.java:342) [jetty-server-9.0.7.v20131107.jar:9.0.7.v20131107]
! at org.eclipse.jetty.util.component.ContainerLifeCycle.doStart(ContainerLifeCycle.java:100) [jetty-util-9.0.7.v20131107.jar:9.0.7.v20131107]
! at org.eclipse.jetty.server.handler.AbstractHandler.doStart(AbstractHandler.java:60) [jetty-server-9.0.7.v20131107.jar:9.0.7.v20131107]
! at org.eclipse.jetty.server.Server.doStart(Server.java:290) [jetty-server-9.0.7.v20131107.jar:9.0.7.v20131107]
! at org.eclipse.jetty.util.component.AbstractLifeCycle.start(AbstractLifeCycle.java:69) [jetty-util-9.0.7.v20131107.jar:9.0.7.v20131107]
! at io.dropwizard.cli.ServerCommand.run(ServerCommand.java:43) [dropwizard-core-0.7.1.jar:0.7.1]
! at io.dropwizard.cli.EnvironmentCommand.run(EnvironmentCommand.java:43) [dropwizard-core-0.7.1.jar:0.7.1]
! at io.dropwizard.cli.ConfiguredCommand.run(ConfiguredCommand.java:76) [dropwizard-core-0.7.1.jar:0.7.1]
! at io.dropwizard.cli.Cli.run(Cli.java:70) [dropwizard-core-0.7.1.jar:0.7.1]
! at io.dropwizard.Application.run(Application.java:72) [dropwizard-core-0.7.1.jar:0.7.1]
! at com.dw.planisto.application.PlanistoApplication.main(PlanistoApplication.java:20) [classes/:na]
WARN  [2015-08-02 07:01:24,412] org.eclipse.jetty.util.component.AbstractLifeCycle: FAILED org.eclipse.jetty.server.Server@3949cc16: java.sql.SQLException: org.postgresql.Driver
! java.lang.ClassNotFoundException: org.postgresql.Driver
! at java.net.URLClassLoader$1.run(URLClassLoader.java:366) ~[na:1.7.0_79]
! at java.net.URLClassLoader$1.run(URLClassLoader.java:355) ~[na:1.7.0_79]
! at java.security.AccessController.doPrivileged(Native Method) ~[na:1.7.0_79]
! at java.net.URLClassLoader.findClass(URLClassLoader.java:354) ~[na:1.7.0_79]
! at java.lang.ClassLoader.loadClass(ClassLoader.java:425) ~[na:1.7.0_79]
! at sun.misc.Launcher$AppClassLoader.loadClass(Launcher.java:308) ~[na:1.7.0_79]
! at java.lang.ClassLoader.loadClass(ClassLoader.java:358) ~[na:1.7.0_79]
! at java.lang.Class.forName0(Native Method) ~[na:1.7.0_79]
! at java.lang.Class.forName(Class.java:274) ~[na:1.7.0_79]
! at org.apache.tomcat.jdbc.pool.PooledConnection.connectUsingDriver(PooledConnection.java:246) ~[tomcat-jdbc-7.0.50.jar:na]
! ... 22 common frames omitted
! Causing: java.sql.SQLException: org.postgresql.Driver
! at org.apache.tomcat.jdbc.pool.PooledConnection.connectUsingDriver(PooledConnection.java:254) ~[tomcat-jdbc-7.0.50.jar:na]
! at org.apache.tomcat.jdbc.pool.PooledConnection.connect(PooledConnection.java:182) ~[tomcat-jdbc-7.0.50.jar:na]
! at org.apache.tomcat.jdbc.pool.ConnectionPool.createConnection(ConnectionPool.java:701) ~[tomcat-jdbc-7.0.50.jar:na]
! at org.apache.tomcat.jdbc.pool.ConnectionPool.borrowConnection(ConnectionPool.java:635) ~[tomcat-jdbc-7.0.50.jar:na]
! at org.apache.tomcat.jdbc.pool.ConnectionPool.init(ConnectionPool.java:486) ~[tomcat-jdbc-7.0.50.jar:na]
! at org.apache.tomcat.jdbc.pool.ConnectionPool.<init>(ConnectionPool.java:144) ~[tomcat-jdbc-7.0.50.jar:na]
! at org.apache.tomcat.jdbc.pool.DataSourceProxy.pCreatePool(DataSourceProxy.java:116) ~[tomcat-jdbc-7.0.50.jar:na]
! at org.apache.tomcat.jdbc.pool.DataSourceProxy.createPool(DataSourceProxy.java:103) ~[tomcat-jdbc-7.0.50.jar:na]
! at io.dropwizard.db.ManagedPooledDataSource.start(ManagedPooledDataSource.java:38) ~[dropwizard-db-0.7.1.jar:0.7.1]
! at io.dropwizard.lifecycle.JettyManaged.doStart(JettyManaged.java:27) ~[dropwizard-lifecycle-0.7.1.jar:0.7.1]
! at org.eclipse.jetty.util.component.AbstractLifeCycle.start(AbstractLifeCycle.java:69) ~[jetty-util-9.0.7.v20131107.jar:9.0.7.v20131107]
! at org.eclipse.jetty.util.component.ContainerLifeCycle.start(ContainerLifeCycle.java:118) ~[jetty-util-9.0.7.v20131107.jar:9.0.7.v20131107]
! at org.eclipse.jetty.server.Server.start(Server.java:342) ~[jetty-server-9.0.7.v20131107.jar:9.0.7.v20131107]
! at org.eclipse.jetty.util.component.ContainerLifeCycle.doStart(ContainerLifeCycle.java:100) ~[jetty-util-9.0.7.v20131107.jar:9.0.7.v20131107]
! at org.eclipse.jetty.server.handler.AbstractHandler.doStart(AbstractHandler.java:60) ~[jetty-server-9.0.7.v20131107.jar:9.0.7.v20131107]
! at org.eclipse.jetty.server.Server.doStart(Server.java:290) ~[jetty-server-9.0.7.v20131107.jar:9.0.7.v20131107]
! at org.eclipse.jetty.util.component.AbstractLifeCycle.start(AbstractLifeCycle.java:69) ~[jetty-util-9.0.7.v20131107.jar:9.0.7.v20131107]
! at io.dropwizard.cli.ServerCommand.run(ServerCommand.java:43) [dropwizard-core-0.7.1.jar:0.7.1]
! at io.dropwizard.cli.EnvironmentCommand.run(EnvironmentCommand.java:43) [dropwizard-core-0.7.1.jar:0.7.1]
! at io.dropwizard.cli.ConfiguredCommand.run(ConfiguredCommand.java:76) [dropwizard-core-0.7.1.jar:0.7.1]
! at io.dropwizard.cli.Cli.run(Cli.java:70) [dropwizard-core-0.7.1.jar:0.7.1]
! at io.dropwizard.Application.run(Application.java:72) [dropwizard-core-0.7.1.jar:0.7.1]
! at com.dw.planisto.application.PlanistoApplication.main(PlanistoApplication.java:20) [classes/:na]
ERROR [2015-08-02 07:01:24,413] io.dropwizard.cli.ServerCommand: Unable to start server, shutting down
! java.lang.ClassNotFoundException: org.postgresql.Driver
! at java.net.URLClassLoader$1.run(URLClassLoader.java:366) ~[na:1.7.0_79]
! at java.net.URLClassLoader$1.run(URLClassLoader.java:355) ~[na:1.7.0_79]
! at java.security.AccessController.doPrivileged(Native Method) ~[na:1.7.0_79]
! at java.net.URLClassLoader.findClass(URLClassLoader.java:354) ~[na:1.7.0_79]
! at java.lang.ClassLoader.loadClass(ClassLoader.java:425) ~[na:1.7.0_79]
! at sun.misc.Launcher$AppClassLoader.loadClass(Launcher.java:308) ~[na:1.7.0_79]
! at java.lang.ClassLoader.loadClass(ClassLoader.java:358) ~[na:1.7.0_79]
! at java.lang.Class.forName0(Native Method) ~[na:1.7.0_79]
! at java.lang.Class.forName(Class.java:274) ~[na:1.7.0_79]
! at org.apache.tomcat.jdbc.pool.PooledConnection.connectUsingDriver(PooledConnection.java:246) ~[tomcat-jdbc-7.0.50.jar:na]
! ... 22 common frames omitted
! Causing: java.sql.SQLException: org.postgresql.Driver
! at org.apache.tomcat.jdbc.pool.PooledConnection.connectUsingDriver(PooledConnection.java:254) ~[tomcat-jdbc-7.0.50.jar:na]
! at org.apache.tomcat.jdbc.pool.PooledConnection.connect(PooledConnection.java:182) ~[tomcat-jdbc-7.0.50.jar:na]
! at org.apache.tomcat.jdbc.pool.ConnectionPool.createConnection(ConnectionPool.java:701) ~[tomcat-jdbc-7.0.50.jar:na]
! at org.apache.tomcat.jdbc.pool.ConnectionPool.borrowConnection(ConnectionPool.java:635) ~[tomcat-jdbc-7.0.50.jar:na]
! at org.apache.tomcat.jdbc.pool.ConnectionPool.init(ConnectionPool.java:486) ~[tomcat-jdbc-7.0.50.jar:na]
! at org.apache.tomcat.jdbc.pool.ConnectionPool.<init>(ConnectionPool.java:144) ~[tomcat-jdbc-7.0.50.jar:na]
! at org.apache.tomcat.jdbc.pool.DataSourceProxy.pCreatePool(DataSourceProxy.java:116) ~[tomcat-jdbc-7.0.50.jar:na]
! at org.apache.tomcat.jdbc.pool.DataSourceProxy.createPool(DataSourceProxy.java:103) ~[tomcat-jdbc-7.0.50.jar:na]
! at io.dropwizard.db.ManagedPooledDataSource.start(ManagedPooledDataSource.java:38) ~[dropwizard-db-0.7.1.jar:0.7.1]
! at io.dropwizard.lifecycle.JettyManaged.doStart(JettyManaged.java:27) ~[dropwizard-lifecycle-0.7.1.jar:0.7.1]
! at org.eclipse.jetty.util.component.AbstractLifeCycle.start(AbstractLifeCycle.java:69) ~[jetty-util-9.0.7.v20131107.jar:9.0.7.v20131107]
! at org.eclipse.jetty.util.component.ContainerLifeCycle.start(ContainerLifeCycle.java:118) ~[jetty-util-9.0.7.v20131107.jar:9.0.7.v20131107]
! at org.eclipse.jetty.server.Server.start(Server.java:342) ~[jetty-server-9.0.7.v20131107.jar:9.0.7.v20131107]
! at org.eclipse.jetty.util.component.ContainerLifeCycle.doStart(ContainerLifeCycle.java:100) ~[jetty-util-9.0.7.v20131107.jar:9.0.7.v20131107]
! at org.eclipse.jetty.server.handler.AbstractHandler.doStart(AbstractHandler.java:60) ~[jetty-server-9.0.7.v20131107.jar:9.0.7.v20131107]
! at org.eclipse.jetty.server.Server.doStart(Server.java:290) ~[jetty-server-9.0.7.v20131107.jar:9.0.7.v20131107]
! at org.eclipse.jetty.util.component.AbstractLifeCycle.start(AbstractLifeCycle.java:69) ~[jetty-util-9.0.7.v20131107.jar:9.0.7.v20131107]
! at io.dropwizard.cli.ServerCommand.run(ServerCommand.java:43) ~[dropwizard-core-0.7.1.jar:0.7.1]
! at io.dropwizard.cli.EnvironmentCommand.run(EnvironmentCommand.java:43) [dropwizard-core-0.7.1.jar:0.7.1]
! at io.dropwizard.cli.ConfiguredCommand.run(ConfiguredCommand.java:76) [dropwizard-core-0.7.1.jar:0.7.1]
! at io.dropwizard.cli.Cli.run(Cli.java:70) [dropwizard-core-0.7.1.jar:0.7.1]
! at io.dropwizard.Application.run(Application.java:72) [dropwizard-core-0.7.1.jar:0.7.1]
! at com.dw.planisto.application.PlanistoApplication.main(PlanistoApplication.java:20) [classes/:na]
ERROR [2015-08-02 19:40:14,796] io.dropwizard.jersey.errors.LoggingExceptionMapper: Error handling a request: 79593d35ab765147
! org.skife.jdbi.v2.exceptions.UnableToExecuteStatementException: Unable to execute, no named parameter matches "term" and no positional param for place 0 (which is 1 in the JDBC 'start at 1' scheme) has been set. [statement:"Select id, name from plan.type where lower(name) like :term", located:"Select id, name from plan.type where lower(name) like :term", rewritten:"Select id, name from plan.type where lower(name) like ?", arguments:{ positional:{}, named:{}, finder:[]}]
! at org.skife.jdbi.v2.ColonPrefixNamedParamStatementRewriter$MyRewrittenStatement.bind(ColonPrefixNamedParamStatementRewriter.java:156) ~[jdbi-2.55.jar:2.55]
! at org.skife.jdbi.v2.SQLStatement.internalExecute(SQLStatement.java:1318) ~[jdbi-2.55.jar:2.55]
! at org.skife.jdbi.v2.Query.fold(Query.java:167) ~[jdbi-2.55.jar:2.55]
! at org.skife.jdbi.v2.Query.list(Query.java:80) ~[jdbi-2.55.jar:2.55]
! at org.skife.jdbi.v2.Query.list(Query.java:74) ~[jdbi-2.55.jar:2.55]
! at com.dw.planisto.dao.SearchDAO.getCategoriesList(SearchDAO.java:29) ~[classes/:na]
! at com.dw.planisto.resources.SearchResource.getCategoryList(SearchResource.java:40) ~[classes/:na]
! at sun.reflect.NativeMethodAccessorImpl.invoke0(Native Method) ~[na:1.7.0_79]
! at sun.reflect.NativeMethodAccessorImpl.invoke(NativeMethodAccessorImpl.java:57) ~[na:1.7.0_79]
! at sun.reflect.DelegatingMethodAccessorImpl.invoke(DelegatingMethodAccessorImpl.java:43) ~[na:1.7.0_79]
! at java.lang.reflect.Method.invoke(Method.java:606) ~[na:1.7.0_79]
! at com.sun.jersey.spi.container.JavaMethodInvokerFactory$1.invoke(JavaMethodInvokerFactory.java:60) ~[jersey-server-1.18.1.jar:1.18.1]
! at com.sun.jersey.server.impl.model.method.dispatch.AbstractResourceMethodDispatchProvider$TypeOutInvoker._dispatch(AbstractResourceMethodDispatchProvider.java:185) ~[jersey-server-1.18.1.jar:1.18.1]
! at com.sun.jersey.server.impl.model.method.dispatch.ResourceJavaMethodDispatcher.dispatch(ResourceJavaMethodDispatcher.java:75) ~[jersey-server-1.18.1.jar:1.18.1]
! at io.dropwizard.jersey.guava.OptionalResourceMethodDispatchAdapter$OptionalRequestDispatcher.dispatch(OptionalResourceMethodDispatchAdapter.java:37) ~[dropwizard-jersey-0.7.1.jar:0.7.1]
! at com.sun.jersey.server.impl.uri.rules.HttpMethodRule.accept(HttpMethodRule.java:302) ~[jersey-server-1.18.1.jar:1.18.1]
! at com.sun.jersey.server.impl.uri.rules.RightHandPathRule.accept(RightHandPathRule.java:147) ~[jersey-server-1.18.1.jar:1.18.1]
! at com.sun.jersey.server.impl.uri.rules.ResourceObjectRule.accept(ResourceObjectRule.java:100) ~[jersey-server-1.18.1.jar:1.18.1]
! at com.sun.jersey.server.impl.uri.rules.RightHandPathRule.accept(RightHandPathRule.java:147) ~[jersey-server-1.18.1.jar:1.18.1]
! at com.sun.jersey.server.impl.uri.rules.RootResourceClassesRule.accept(RootResourceClassesRule.java:84) ~[jersey-server-1.18.1.jar:1.18.1]
! at com.sun.jersey.server.impl.application.WebApplicationImpl._handleRequest(WebApplicationImpl.java:1542) [jersey-server-1.18.1.jar:1.18.1]
! at com.sun.jersey.server.impl.application.WebApplicationImpl._handleRequest(WebApplicationImpl.java:1473) [jersey-server-1.18.1.jar:1.18.1]
! at com.sun.jersey.server.impl.application.WebApplicationImpl.handleRequest(WebApplicationImpl.java:1419) [jersey-server-1.18.1.jar:1.18.1]
! at com.sun.jersey.server.impl.application.WebApplicationImpl.handleRequest(WebApplicationImpl.java:1409) [jersey-server-1.18.1.jar:1.18.1]
! at com.sun.jersey.spi.container.servlet.WebComponent.service(WebComponent.java:409) [jersey-servlet-1.18.1.jar:1.18.1]
! at com.sun.jersey.spi.container.servlet.ServletContainer.service(ServletContainer.java:540) [jersey-servlet-1.18.1.jar:1.18.1]
! at com.sun.jersey.spi.container.servlet.ServletContainer.service(ServletContainer.java:715) [jersey-servlet-1.18.1.jar:1.18.1]
! at javax.servlet.http.HttpServlet.service(HttpServlet.java:848) [javax.servlet-3.0.0.v201112011016.jar:na]
! at io.dropwizard.jetty.NonblockingServletHolder.handle(NonblockingServletHolder.java:49) [dropwizard-jetty-0.7.1.jar:0.7.1]
! at org.eclipse.jetty.servlet.ServletHandler$CachedChain.doFilter(ServletHandler.java:1515) [jetty-servlet-9.0.7.v20131107.jar:9.0.7.v20131107]
! at org.eclipse.jetty.servlets.UserAgentFilter.doFilter(UserAgentFilter.java:83) [jetty-servlets-9.0.7.v20131107.jar:9.0.7.v20131107]
! at org.eclipse.jetty.servlets.GzipFilter.doFilter(GzipFilter.java:348) [jetty-servlets-9.0.7.v20131107.jar:9.0.7.v20131107]
! at io.dropwizard.jetty.BiDiGzipFilter.doFilter(BiDiGzipFilter.java:127) [dropwizard-jetty-0.7.1.jar:0.7.1]
! at org.eclipse.jetty.servlet.ServletHandler$CachedChain.doFilter(ServletHandler.java:1486) [jetty-servlet-9.0.7.v20131107.jar:9.0.7.v20131107]
! at io.dropwizard.servlets.ThreadNameFilter.doFilter(ThreadNameFilter.java:29) [dropwizard-servlets-0.7.1.jar:0.7.1]
! at org.eclipse.jetty.servlet.ServletHandler$CachedChain.doFilter(ServletHandler.java:1486) [jetty-servlet-9.0.7.v20131107.jar:9.0.7.v20131107]
! at io.dropwizard.jersey.filter.AllowedMethodsFilter.handle(AllowedMethodsFilter.java:44) [dropwizard-jersey-0.7.1.jar:0.7.1]
! at io.dropwizard.jersey.filter.AllowedMethodsFilter.doFilter(AllowedMethodsFilter.java:39) [dropwizard-jersey-0.7.1.jar:0.7.1]
! at org.eclipse.jetty.servlet.ServletHandler$CachedChain.doFilter(ServletHandler.java:1486) [jetty-servlet-9.0.7.v20131107.jar:9.0.7.v20131107]
! at org.eclipse.jetty.servlet.ServletHandler.doHandle(ServletHandler.java:519) [jetty-servlet-9.0.7.v20131107.jar:9.0.7.v20131107]
! at org.eclipse.jetty.server.handler.ContextHandler.doHandle(ContextHandler.java:1097) [jetty-server-9.0.7.v20131107.jar:9.0.7.v20131107]
! at org.eclipse.jetty.servlet.ServletHandler.doScope(ServletHandler.java:448) [jetty-servlet-9.0.7.v20131107.jar:9.0.7.v20131107]
! at org.eclipse.jetty.server.handler.ContextHandler.doScope(ContextHandler.java:1031) [jetty-server-9.0.7.v20131107.jar:9.0.7.v20131107]
! at org.eclipse.jetty.server.handler.ScopedHandler.handle(ScopedHandler.java:136) [jetty-server-9.0.7.v20131107.jar:9.0.7.v20131107]
! at org.eclipse.jetty.server.handler.HandlerWrapper.handle(HandlerWrapper.java:97) [jetty-server-9.0.7.v20131107.jar:9.0.7.v20131107]
! at com.codahale.metrics.jetty9.InstrumentedHandler.handle(InstrumentedHandler.java:175) [metrics-jetty9-3.0.2.jar:3.0.2]
! at io.dropwizard.jetty.RoutingHandler.handle(RoutingHandler.java:51) [dropwizard-jetty-0.7.1.jar:0.7.1]
! at org.eclipse.jetty.server.handler.HandlerWrapper.handle(HandlerWrapper.java:97) [jetty-server-9.0.7.v20131107.jar:9.0.7.v20131107]
! at org.eclipse.jetty.server.handler.RequestLogHandler.handle(RequestLogHandler.java:92) [jetty-server-9.0.7.v20131107.jar:9.0.7.v20131107]
! at org.eclipse.jetty.server.handler.HandlerWrapper.handle(HandlerWrapper.java:97) [jetty-server-9.0.7.v20131107.jar:9.0.7.v20131107]
! at org.eclipse.jetty.server.handler.StatisticsHandler.handle(StatisticsHandler.java:162) [jetty-server-9.0.7.v20131107.jar:9.0.7.v20131107]
! at org.eclipse.jetty.server.handler.HandlerWrapper.handle(HandlerWrapper.java:97) [jetty-server-9.0.7.v20131107.jar:9.0.7.v20131107]
! at org.eclipse.jetty.server.Server.handle(Server.java:446) [jetty-server-9.0.7.v20131107.jar:9.0.7.v20131107]
! at org.eclipse.jetty.server.HttpChannel.handle(HttpChannel.java:271) [jetty-server-9.0.7.v20131107.jar:9.0.7.v20131107]
! at org.eclipse.jetty.server.HttpConnection.onFillable(HttpConnection.java:246) [jetty-server-9.0.7.v20131107.jar:9.0.7.v20131107]
! at org.eclipse.jetty.io.AbstractConnection$ReadCallback.run(AbstractConnection.java:358) [jetty-io-9.0.7.v20131107.jar:9.0.7.v20131107]
! at org.eclipse.jetty.util.thread.QueuedThreadPool.runJob(QueuedThreadPool.java:601) [jetty-util-9.0.7.v20131107.jar:9.0.7.v20131107]
! at org.eclipse.jetty.util.thread.QueuedThreadPool$3.run(QueuedThreadPool.java:532) [jetty-util-9.0.7.v20131107.jar:9.0.7.v20131107]
! at java.lang.Thread.run(Thread.java:745) [na:1.7.0_79]
ERROR [2015-08-02 19:41:06,944] io.dropwizard.jersey.errors.LoggingExceptionMapper: Error handling a request: 28b2254a5392c134
! org.postgresql.util.PSQLException: ERROR: permission denied for schema plan
!   Position: 22
! at org.postgresql.core.v3.QueryExecutorImpl.receiveErrorResponse(QueryExecutorImpl.java:2103) ~[postgresql-9.1-901-1.jdbc4.jar:na]
! at org.postgresql.core.v3.QueryExecutorImpl.processResults(QueryExecutorImpl.java:1836) ~[postgresql-9.1-901-1.jdbc4.jar:na]
! at org.postgresql.core.v3.QueryExecutorImpl.execute(QueryExecutorImpl.java:257) ~[postgresql-9.1-901-1.jdbc4.jar:na]
! at org.postgresql.jdbc2.AbstractJdbc2Statement.execute(AbstractJdbc2Statement.java:512) ~[postgresql-9.1-901-1.jdbc4.jar:na]
! at org.postgresql.jdbc2.AbstractJdbc2Statement.executeWithFlags(AbstractJdbc2Statement.java:388) ~[postgresql-9.1-901-1.jdbc4.jar:na]
! at org.postgresql.jdbc2.AbstractJdbc2Statement.execute(AbstractJdbc2Statement.java:381) ~[postgresql-9.1-901-1.jdbc4.jar:na]
! at org.skife.jdbi.v2.SQLStatement.internalExecute(SQLStatement.java:1328) ~[jdbi-2.55.jar:2.55]
! ... 57 common frames omitted
! Causing: org.skife.jdbi.v2.exceptions.UnableToExecuteStatementException: org.postgresql.util.PSQLException: ERROR: permission denied for schema plan
!   Position: 22 [statement:"Select id, name from plan.type where lower(name) like :term", located:"Select id, name from plan.type where lower(name) like :term", rewritten:"Select id, name from plan.type where lower(name) like ?", arguments:{ positional:{}, named:{term:'%wedd%'}, finder:[]}]
! at org.skife.jdbi.v2.SQLStatement.internalExecute(SQLStatement.java:1334) ~[jdbi-2.55.jar:2.55]
! at org.skife.jdbi.v2.Query.fold(Query.java:167) ~[jdbi-2.55.jar:2.55]
! at org.skife.jdbi.v2.Query.list(Query.java:80) ~[jdbi-2.55.jar:2.55]
! at org.skife.jdbi.v2.Query.list(Query.java:74) ~[jdbi-2.55.jar:2.55]
! at com.dw.planisto.dao.SearchDAO.getCategoriesList(SearchDAO.java:30) ~[classes/:na]
! at com.dw.planisto.resources.SearchResource.getCategoryList(SearchResource.java:40) ~[classes/:na]
! at sun.reflect.NativeMethodAccessorImpl.invoke0(Native Method) ~[na:1.7.0_79]
! at sun.reflect.NativeMethodAccessorImpl.invoke(NativeMethodAccessorImpl.java:57) ~[na:1.7.0_79]
! at sun.reflect.DelegatingMethodAccessorImpl.invoke(DelegatingMethodAccessorImpl.java:43) ~[na:1.7.0_79]
! at java.lang.reflect.Method.invoke(Method.java:606) ~[na:1.7.0_79]
! at com.sun.jersey.spi.container.JavaMethodInvokerFactory$1.invoke(JavaMethodInvokerFactory.java:60) ~[jersey-server-1.18.1.jar:1.18.1]
! at com.sun.jersey.server.impl.model.method.dispatch.AbstractResourceMethodDispatchProvider$TypeOutInvoker._dispatch(AbstractResourceMethodDispatchProvider.java:185) ~[jersey-server-1.18.1.jar:1.18.1]
! at com.sun.jersey.server.impl.model.method.dispatch.ResourceJavaMethodDispatcher.dispatch(ResourceJavaMethodDispatcher.java:75) ~[jersey-server-1.18.1.jar:1.18.1]
! at io.dropwizard.jersey.guava.OptionalResourceMethodDispatchAdapter$OptionalRequestDispatcher.dispatch(OptionalResourceMethodDispatchAdapter.java:37) ~[dropwizard-jersey-0.7.1.jar:0.7.1]
! at com.sun.jersey.server.impl.uri.rules.HttpMethodRule.accept(HttpMethodRule.java:302) ~[jersey-server-1.18.1.jar:1.18.1]
! at com.sun.jersey.server.impl.uri.rules.RightHandPathRule.accept(RightHandPathRule.java:147) ~[jersey-server-1.18.1.jar:1.18.1]
! at com.sun.jersey.server.impl.uri.rules.ResourceObjectRule.accept(ResourceObjectRule.java:100) ~[jersey-server-1.18.1.jar:1.18.1]
! at com.sun.jersey.server.impl.uri.rules.RightHandPathRule.accept(RightHandPathRule.java:147) ~[jersey-server-1.18.1.jar:1.18.1]
! at com.sun.jersey.server.impl.uri.rules.RootResourceClassesRule.accept(RootResourceClassesRule.java:84) ~[jersey-server-1.18.1.jar:1.18.1]
! at com.sun.jersey.server.impl.application.WebApplicationImpl._handleRequest(WebApplicationImpl.java:1542) [jersey-server-1.18.1.jar:1.18.1]
! at com.sun.jersey.server.impl.application.WebApplicationImpl._handleRequest(WebApplicationImpl.java:1473) [jersey-server-1.18.1.jar:1.18.1]
! at com.sun.jersey.server.impl.application.WebApplicationImpl.handleRequest(WebApplicationImpl.java:1419) [jersey-server-1.18.1.jar:1.18.1]
! at com.sun.jersey.server.impl.application.WebApplicationImpl.handleRequest(WebApplicationImpl.java:1409) [jersey-server-1.18.1.jar:1.18.1]
! at com.sun.jersey.spi.container.servlet.WebComponent.service(WebComponent.java:409) [jersey-servlet-1.18.1.jar:1.18.1]
! at com.sun.jersey.spi.container.servlet.ServletContainer.service(ServletContainer.java:540) [jersey-servlet-1.18.1.jar:1.18.1]
! at com.sun.jersey.spi.container.servlet.ServletContainer.service(ServletContainer.java:715) [jersey-servlet-1.18.1.jar:1.18.1]
! at javax.servlet.http.HttpServlet.service(HttpServlet.java:848) [javax.servlet-3.0.0.v201112011016.jar:na]
! at io.dropwizard.jetty.NonblockingServletHolder.handle(NonblockingServletHolder.java:49) [dropwizard-jetty-0.7.1.jar:0.7.1]
! at org.eclipse.jetty.servlet.ServletHandler$CachedChain.doFilter(ServletHandler.java:1515) [jetty-servlet-9.0.7.v20131107.jar:9.0.7.v20131107]
! at org.eclipse.jetty.servlets.UserAgentFilter.doFilter(UserAgentFilter.java:83) [jetty-servlets-9.0.7.v20131107.jar:9.0.7.v20131107]
! at org.eclipse.jetty.servlets.GzipFilter.doFilter(GzipFilter.java:348) [jetty-servlets-9.0.7.v20131107.jar:9.0.7.v20131107]
! at io.dropwizard.jetty.BiDiGzipFilter.doFilter(BiDiGzipFilter.java:127) [dropwizard-jetty-0.7.1.jar:0.7.1]
! at org.eclipse.jetty.servlet.ServletHandler$CachedChain.doFilter(ServletHandler.java:1486) [jetty-servlet-9.0.7.v20131107.jar:9.0.7.v20131107]
! at io.dropwizard.servlets.ThreadNameFilter.doFilter(ThreadNameFilter.java:29) [dropwizard-servlets-0.7.1.jar:0.7.1]
! at org.eclipse.jetty.servlet.ServletHandler$CachedChain.doFilter(ServletHandler.java:1486) [jetty-servlet-9.0.7.v20131107.jar:9.0.7.v20131107]
! at io.dropwizard.jersey.filter.AllowedMethodsFilter.handle(AllowedMethodsFilter.java:44) [dropwizard-jersey-0.7.1.jar:0.7.1]
! at io.dropwizard.jersey.filter.AllowedMethodsFilter.doFilter(AllowedMethodsFilter.java:39) [dropwizard-jersey-0.7.1.jar:0.7.1]
! at org.eclipse.jetty.servlet.ServletHandler$CachedChain.doFilter(ServletHandler.java:1486) [jetty-servlet-9.0.7.v20131107.jar:9.0.7.v20131107]
! at org.eclipse.jetty.servlet.ServletHandler.doHandle(ServletHandler.java:519) [jetty-servlet-9.0.7.v20131107.jar:9.0.7.v20131107]
! at org.eclipse.jetty.server.handler.ContextHandler.doHandle(ContextHandler.java:1097) [jetty-server-9.0.7.v20131107.jar:9.0.7.v20131107]
! at org.eclipse.jetty.servlet.ServletHandler.doScope(ServletHandler.java:448) [jetty-servlet-9.0.7.v20131107.jar:9.0.7.v20131107]
! at org.eclipse.jetty.server.handler.ContextHandler.doScope(ContextHandler.java:1031) [jetty-server-9.0.7.v20131107.jar:9.0.7.v20131107]
! at org.eclipse.jetty.server.handler.ScopedHandler.handle(ScopedHandler.java:136) [jetty-server-9.0.7.v20131107.jar:9.0.7.v20131107]
! at org.eclipse.jetty.server.handler.HandlerWrapper.handle(HandlerWrapper.java:97) [jetty-server-9.0.7.v20131107.jar:9.0.7.v20131107]
! at com.codahale.metrics.jetty9.InstrumentedHandler.handle(InstrumentedHandler.java:175) [metrics-jetty9-3.0.2.jar:3.0.2]
! at io.dropwizard.jetty.RoutingHandler.handle(RoutingHandler.java:51) [dropwizard-jetty-0.7.1.jar:0.7.1]
! at org.eclipse.jetty.server.handler.HandlerWrapper.handle(HandlerWrapper.java:97) [jetty-server-9.0.7.v20131107.jar:9.0.7.v20131107]
! at org.eclipse.jetty.server.handler.RequestLogHandler.handle(RequestLogHandler.java:92) [jetty-server-9.0.7.v20131107.jar:9.0.7.v20131107]
! at org.eclipse.jetty.server.handler.HandlerWrapper.handle(HandlerWrapper.java:97) [jetty-server-9.0.7.v20131107.jar:9.0.7.v20131107]
! at org.eclipse.jetty.server.handler.StatisticsHandler.handle(StatisticsHandler.java:162) [jetty-server-9.0.7.v20131107.jar:9.0.7.v20131107]
! at org.eclipse.jetty.server.handler.HandlerWrapper.handle(HandlerWrapper.java:97) [jetty-server-9.0.7.v20131107.jar:9.0.7.v20131107]
! at org.eclipse.jetty.server.Server.handle(Server.java:446) [jetty-server-9.0.7.v20131107.jar:9.0.7.v20131107]
! at org.eclipse.jetty.server.HttpChannel.handle(HttpChannel.java:271) [jetty-server-9.0.7.v20131107.jar:9.0.7.v20131107]
! at org.eclipse.jetty.server.HttpConnection.onFillable(HttpConnection.java:246) [jetty-server-9.0.7.v20131107.jar:9.0.7.v20131107]
! at org.eclipse.jetty.io.AbstractConnection$ReadCallback.run(AbstractConnection.java:358) [jetty-io-9.0.7.v20131107.jar:9.0.7.v20131107]
! at org.eclipse.jetty.util.thread.QueuedThreadPool.runJob(QueuedThreadPool.java:601) [jetty-util-9.0.7.v20131107.jar:9.0.7.v20131107]
! at org.eclipse.jetty.util.thread.QueuedThreadPool$3.run(QueuedThreadPool.java:532) [jetty-util-9.0.7.v20131107.jar:9.0.7.v20131107]
! at java.lang.Thread.run(Thread.java:745) [na:1.7.0_79]
ERROR [2015-08-02 19:41:23,281] io.dropwizard.jersey.errors.LoggingExceptionMapper: Error handling a request: 7d377bbe8413888b
! org.postgresql.util.PSQLException: ERROR: permission denied for schema plan
!   Position: 22
! at org.postgresql.core.v3.QueryExecutorImpl.receiveErrorResponse(QueryExecutorImpl.java:2103) ~[postgresql-9.1-901-1.jdbc4.jar:na]
! at org.postgresql.core.v3.QueryExecutorImpl.processResults(QueryExecutorImpl.java:1836) ~[postgresql-9.1-901-1.jdbc4.jar:na]
! at org.postgresql.core.v3.QueryExecutorImpl.execute(QueryExecutorImpl.java:257) ~[postgresql-9.1-901-1.jdbc4.jar:na]
! at org.postgresql.jdbc2.AbstractJdbc2Statement.execute(AbstractJdbc2Statement.java:512) ~[postgresql-9.1-901-1.jdbc4.jar:na]
! at org.postgresql.jdbc2.AbstractJdbc2Statement.executeWithFlags(AbstractJdbc2Statement.java:388) ~[postgresql-9.1-901-1.jdbc4.jar:na]
! at org.postgresql.jdbc2.AbstractJdbc2Statement.execute(AbstractJdbc2Statement.java:381) ~[postgresql-9.1-901-1.jdbc4.jar:na]
! at org.skife.jdbi.v2.SQLStatement.internalExecute(SQLStatement.java:1328) ~[jdbi-2.55.jar:2.55]
! ... 57 common frames omitted
! Causing: org.skife.jdbi.v2.exceptions.UnableToExecuteStatementException: org.postgresql.util.PSQLException: ERROR: permission denied for schema plan
!   Position: 22 [statement:"Select id, name from plan.type where lower(name) like :term", located:"Select id, name from plan.type where lower(name) like :term", rewritten:"Select id, name from plan.type where lower(name) like ?", arguments:{ positional:{}, named:{term:'%wedd%'}, finder:[]}]
! at org.skife.jdbi.v2.SQLStatement.internalExecute(SQLStatement.java:1334) ~[jdbi-2.55.jar:2.55]
! at org.skife.jdbi.v2.Query.fold(Query.java:167) ~[jdbi-2.55.jar:2.55]
! at org.skife.jdbi.v2.Query.list(Query.java:80) ~[jdbi-2.55.jar:2.55]
! at org.skife.jdbi.v2.Query.list(Query.java:74) ~[jdbi-2.55.jar:2.55]
! at com.dw.planisto.dao.SearchDAO.getCategoriesList(SearchDAO.java:30) ~[classes/:na]
! at com.dw.planisto.resources.SearchResource.getCategoryList(SearchResource.java:40) ~[classes/:na]
! at sun.reflect.NativeMethodAccessorImpl.invoke0(Native Method) ~[na:1.7.0_79]
! at sun.reflect.NativeMethodAccessorImpl.invoke(NativeMethodAccessorImpl.java:57) ~[na:1.7.0_79]
! at sun.reflect.DelegatingMethodAccessorImpl.invoke(DelegatingMethodAccessorImpl.java:43) ~[na:1.7.0_79]
! at java.lang.reflect.Method.invoke(Method.java:606) ~[na:1.7.0_79]
! at com.sun.jersey.spi.container.JavaMethodInvokerFactory$1.invoke(JavaMethodInvokerFactory.java:60) ~[jersey-server-1.18.1.jar:1.18.1]
! at com.sun.jersey.server.impl.model.method.dispatch.AbstractResourceMethodDispatchProvider$TypeOutInvoker._dispatch(AbstractResourceMethodDispatchProvider.java:185) ~[jersey-server-1.18.1.jar:1.18.1]
! at com.sun.jersey.server.impl.model.method.dispatch.ResourceJavaMethodDispatcher.dispatch(ResourceJavaMethodDispatcher.java:75) ~[jersey-server-1.18.1.jar:1.18.1]
! at io.dropwizard.jersey.guava.OptionalResourceMethodDispatchAdapter$OptionalRequestDispatcher.dispatch(OptionalResourceMethodDispatchAdapter.java:37) ~[dropwizard-jersey-0.7.1.jar:0.7.1]
! at com.sun.jersey.server.impl.uri.rules.HttpMethodRule.accept(HttpMethodRule.java:302) ~[jersey-server-1.18.1.jar:1.18.1]
! at com.sun.jersey.server.impl.uri.rules.RightHandPathRule.accept(RightHandPathRule.java:147) ~[jersey-server-1.18.1.jar:1.18.1]
! at com.sun.jersey.server.impl.uri.rules.ResourceObjectRule.accept(ResourceObjectRule.java:100) ~[jersey-server-1.18.1.jar:1.18.1]
! at com.sun.jersey.server.impl.uri.rules.RightHandPathRule.accept(RightHandPathRule.java:147) ~[jersey-server-1.18.1.jar:1.18.1]
! at com.sun.jersey.server.impl.uri.rules.RootResourceClassesRule.accept(RootResourceClassesRule.java:84) ~[jersey-server-1.18.1.jar:1.18.1]
! at com.sun.jersey.server.impl.application.WebApplicationImpl._handleRequest(WebApplicationImpl.java:1542) [jersey-server-1.18.1.jar:1.18.1]
! at com.sun.jersey.server.impl.application.WebApplicationImpl._handleRequest(WebApplicationImpl.java:1473) [jersey-server-1.18.1.jar:1.18.1]
! at com.sun.jersey.server.impl.application.WebApplicationImpl.handleRequest(WebApplicationImpl.java:1419) [jersey-server-1.18.1.jar:1.18.1]
! at com.sun.jersey.server.impl.application.WebApplicationImpl.handleRequest(WebApplicationImpl.java:1409) [jersey-server-1.18.1.jar:1.18.1]
! at com.sun.jersey.spi.container.servlet.WebComponent.service(WebComponent.java:409) [jersey-servlet-1.18.1.jar:1.18.1]
! at com.sun.jersey.spi.container.servlet.ServletContainer.service(ServletContainer.java:540) [jersey-servlet-1.18.1.jar:1.18.1]
! at com.sun.jersey.spi.container.servlet.ServletContainer.service(ServletContainer.java:715) [jersey-servlet-1.18.1.jar:1.18.1]
! at javax.servlet.http.HttpServlet.service(HttpServlet.java:848) [javax.servlet-3.0.0.v201112011016.jar:na]
! at io.dropwizard.jetty.NonblockingServletHolder.handle(NonblockingServletHolder.java:49) [dropwizard-jetty-0.7.1.jar:0.7.1]
! at org.eclipse.jetty.servlet.ServletHandler$CachedChain.doFilter(ServletHandler.java:1515) [jetty-servlet-9.0.7.v20131107.jar:9.0.7.v20131107]
! at org.eclipse.jetty.servlets.UserAgentFilter.doFilter(UserAgentFilter.java:83) [jetty-servlets-9.0.7.v20131107.jar:9.0.7.v20131107]
! at org.eclipse.jetty.servlets.GzipFilter.doFilter(GzipFilter.java:348) [jetty-servlets-9.0.7.v20131107.jar:9.0.7.v20131107]
! at io.dropwizard.jetty.BiDiGzipFilter.doFilter(BiDiGzipFilter.java:127) [dropwizard-jetty-0.7.1.jar:0.7.1]
! at org.eclipse.jetty.servlet.ServletHandler$CachedChain.doFilter(ServletHandler.java:1486) [jetty-servlet-9.0.7.v20131107.jar:9.0.7.v20131107]
! at io.dropwizard.servlets.ThreadNameFilter.doFilter(ThreadNameFilter.java:29) [dropwizard-servlets-0.7.1.jar:0.7.1]
! at org.eclipse.jetty.servlet.ServletHandler$CachedChain.doFilter(ServletHandler.java:1486) [jetty-servlet-9.0.7.v20131107.jar:9.0.7.v20131107]
! at io.dropwizard.jersey.filter.AllowedMethodsFilter.handle(AllowedMethodsFilter.java:44) [dropwizard-jersey-0.7.1.jar:0.7.1]
! at io.dropwizard.jersey.filter.AllowedMethodsFilter.doFilter(AllowedMethodsFilter.java:39) [dropwizard-jersey-0.7.1.jar:0.7.1]
! at org.eclipse.jetty.servlet.ServletHandler$CachedChain.doFilter(ServletHandler.java:1486) [jetty-servlet-9.0.7.v20131107.jar:9.0.7.v20131107]
! at org.eclipse.jetty.servlet.ServletHandler.doHandle(ServletHandler.java:519) [jetty-servlet-9.0.7.v20131107.jar:9.0.7.v20131107]
! at org.eclipse.jetty.server.handler.ContextHandler.doHandle(ContextHandler.java:1097) [jetty-server-9.0.7.v20131107.jar:9.0.7.v20131107]
! at org.eclipse.jetty.servlet.ServletHandler.doScope(ServletHandler.java:448) [jetty-servlet-9.0.7.v20131107.jar:9.0.7.v20131107]
! at org.eclipse.jetty.server.handler.ContextHandler.doScope(ContextHandler.java:1031) [jetty-server-9.0.7.v20131107.jar:9.0.7.v20131107]
! at org.eclipse.jetty.server.handler.ScopedHandler.handle(ScopedHandler.java:136) [jetty-server-9.0.7.v20131107.jar:9.0.7.v20131107]
! at org.eclipse.jetty.server.handler.HandlerWrapper.handle(HandlerWrapper.java:97) [jetty-server-9.0.7.v20131107.jar:9.0.7.v20131107]
! at com.codahale.metrics.jetty9.InstrumentedHandler.handle(InstrumentedHandler.java:175) [metrics-jetty9-3.0.2.jar:3.0.2]
! at io.dropwizard.jetty.RoutingHandler.handle(RoutingHandler.java:51) [dropwizard-jetty-0.7.1.jar:0.7.1]
! at org.eclipse.jetty.server.handler.HandlerWrapper.handle(HandlerWrapper.java:97) [jetty-server-9.0.7.v20131107.jar:9.0.7.v20131107]
! at org.eclipse.jetty.server.handler.RequestLogHandler.handle(RequestLogHandler.java:92) [jetty-server-9.0.7.v20131107.jar:9.0.7.v20131107]
! at org.eclipse.jetty.server.handler.HandlerWrapper.handle(HandlerWrapper.java:97) [jetty-server-9.0.7.v20131107.jar:9.0.7.v20131107]
! at org.eclipse.jetty.server.handler.StatisticsHandler.handle(StatisticsHandler.java:162) [jetty-server-9.0.7.v20131107.jar:9.0.7.v20131107]
! at org.eclipse.jetty.server.handler.HandlerWrapper.handle(HandlerWrapper.java:97) [jetty-server-9.0.7.v20131107.jar:9.0.7.v20131107]
! at org.eclipse.jetty.server.Server.handle(Server.java:446) [jetty-server-9.0.7.v20131107.jar:9.0.7.v20131107]
! at org.eclipse.jetty.server.HttpChannel.handle(HttpChannel.java:271) [jetty-server-9.0.7.v20131107.jar:9.0.7.v20131107]
! at org.eclipse.jetty.server.HttpConnection.onFillable(HttpConnection.java:246) [jetty-server-9.0.7.v20131107.jar:9.0.7.v20131107]
! at org.eclipse.jetty.io.AbstractConnection$ReadCallback.run(AbstractConnection.java:358) [jetty-io-9.0.7.v20131107.jar:9.0.7.v20131107]
! at org.eclipse.jetty.util.thread.QueuedThreadPool.runJob(QueuedThreadPool.java:601) [jetty-util-9.0.7.v20131107.jar:9.0.7.v20131107]
! at org.eclipse.jetty.util.thread.QueuedThreadPool$3.run(QueuedThreadPool.java:532) [jetty-util-9.0.7.v20131107.jar:9.0.7.v20131107]
! at java.lang.Thread.run(Thread.java:745) [na:1.7.0_79]
ERROR [2015-08-02 19:41:39,229] io.dropwizard.jersey.errors.LoggingExceptionMapper: Error handling a request: f4f879320803f0f5
! org.postgresql.util.PSQLException: ERROR: permission denied for schema plan
!   Position: 22
! at org.postgresql.core.v3.QueryExecutorImpl.receiveErrorResponse(QueryExecutorImpl.java:2103) ~[postgresql-9.1-901-1.jdbc4.jar:na]
! at org.postgresql.core.v3.QueryExecutorImpl.processResults(QueryExecutorImpl.java:1836) ~[postgresql-9.1-901-1.jdbc4.jar:na]
! at org.postgresql.core.v3.QueryExecutorImpl.execute(QueryExecutorImpl.java:257) ~[postgresql-9.1-901-1.jdbc4.jar:na]
! at org.postgresql.jdbc2.AbstractJdbc2Statement.execute(AbstractJdbc2Statement.java:512) ~[postgresql-9.1-901-1.jdbc4.jar:na]
! at org.postgresql.jdbc2.AbstractJdbc2Statement.executeWithFlags(AbstractJdbc2Statement.java:388) ~[postgresql-9.1-901-1.jdbc4.jar:na]
! at org.postgresql.jdbc2.AbstractJdbc2Statement.execute(AbstractJdbc2Statement.java:381) ~[postgresql-9.1-901-1.jdbc4.jar:na]
! at org.skife.jdbi.v2.SQLStatement.internalExecute(SQLStatement.java:1328) ~[jdbi-2.55.jar:2.55]
! ... 57 common frames omitted
! Causing: org.skife.jdbi.v2.exceptions.UnableToExecuteStatementException: org.postgresql.util.PSQLException: ERROR: permission denied for schema plan
!   Position: 22 [statement:"Select id, name from plan.type where lower(name) like :term", located:"Select id, name from plan.type where lower(name) like :term", rewritten:"Select id, name from plan.type where lower(name) like ?", arguments:{ positional:{}, named:{term:'%wedd%'}, finder:[]}]
! at org.skife.jdbi.v2.SQLStatement.internalExecute(SQLStatement.java:1334) ~[jdbi-2.55.jar:2.55]
! at org.skife.jdbi.v2.Query.fold(Query.java:167) ~[jdbi-2.55.jar:2.55]
! at org.skife.jdbi.v2.Query.list(Query.java:80) ~[jdbi-2.55.jar:2.55]
! at org.skife.jdbi.v2.Query.list(Query.java:74) ~[jdbi-2.55.jar:2.55]
! at com.dw.planisto.dao.SearchDAO.getCategoriesList(SearchDAO.java:30) ~[classes/:na]
! at com.dw.planisto.resources.SearchResource.getCategoryList(SearchResource.java:40) ~[classes/:na]
! at sun.reflect.NativeMethodAccessorImpl.invoke0(Native Method) ~[na:1.7.0_79]
! at sun.reflect.NativeMethodAccessorImpl.invoke(NativeMethodAccessorImpl.java:57) ~[na:1.7.0_79]
! at sun.reflect.DelegatingMethodAccessorImpl.invoke(DelegatingMethodAccessorImpl.java:43) ~[na:1.7.0_79]
! at java.lang.reflect.Method.invoke(Method.java:606) ~[na:1.7.0_79]
! at com.sun.jersey.spi.container.JavaMethodInvokerFactory$1.invoke(JavaMethodInvokerFactory.java:60) ~[jersey-server-1.18.1.jar:1.18.1]
! at com.sun.jersey.server.impl.model.method.dispatch.AbstractResourceMethodDispatchProvider$TypeOutInvoker._dispatch(AbstractResourceMethodDispatchProvider.java:185) ~[jersey-server-1.18.1.jar:1.18.1]
! at com.sun.jersey.server.impl.model.method.dispatch.ResourceJavaMethodDispatcher.dispatch(ResourceJavaMethodDispatcher.java:75) ~[jersey-server-1.18.1.jar:1.18.1]
! at io.dropwizard.jersey.guava.OptionalResourceMethodDispatchAdapter$OptionalRequestDispatcher.dispatch(OptionalResourceMethodDispatchAdapter.java:37) ~[dropwizard-jersey-0.7.1.jar:0.7.1]
! at com.sun.jersey.server.impl.uri.rules.HttpMethodRule.accept(HttpMethodRule.java:302) ~[jersey-server-1.18.1.jar:1.18.1]
! at com.sun.jersey.server.impl.uri.rules.RightHandPathRule.accept(RightHandPathRule.java:147) ~[jersey-server-1.18.1.jar:1.18.1]
! at com.sun.jersey.server.impl.uri.rules.ResourceObjectRule.accept(ResourceObjectRule.java:100) ~[jersey-server-1.18.1.jar:1.18.1]
! at com.sun.jersey.server.impl.uri.rules.RightHandPathRule.accept(RightHandPathRule.java:147) ~[jersey-server-1.18.1.jar:1.18.1]
! at com.sun.jersey.server.impl.uri.rules.RootResourceClassesRule.accept(RootResourceClassesRule.java:84) ~[jersey-server-1.18.1.jar:1.18.1]
! at com.sun.jersey.server.impl.application.WebApplicationImpl._handleRequest(WebApplicationImpl.java:1542) [jersey-server-1.18.1.jar:1.18.1]
! at com.sun.jersey.server.impl.application.WebApplicationImpl._handleRequest(WebApplicationImpl.java:1473) [jersey-server-1.18.1.jar:1.18.1]
! at com.sun.jersey.server.impl.application.WebApplicationImpl.handleRequest(WebApplicationImpl.java:1419) [jersey-server-1.18.1.jar:1.18.1]
! at com.sun.jersey.server.impl.application.WebApplicationImpl.handleRequest(WebApplicationImpl.java:1409) [jersey-server-1.18.1.jar:1.18.1]
! at com.sun.jersey.spi.container.servlet.WebComponent.service(WebComponent.java:409) [jersey-servlet-1.18.1.jar:1.18.1]
! at com.sun.jersey.spi.container.servlet.ServletContainer.service(ServletContainer.java:540) [jersey-servlet-1.18.1.jar:1.18.1]
! at com.sun.jersey.spi.container.servlet.ServletContainer.service(ServletContainer.java:715) [jersey-servlet-1.18.1.jar:1.18.1]
! at javax.servlet.http.HttpServlet.service(HttpServlet.java:848) [javax.servlet-3.0.0.v201112011016.jar:na]
! at io.dropwizard.jetty.NonblockingServletHolder.handle(NonblockingServletHolder.java:49) [dropwizard-jetty-0.7.1.jar:0.7.1]
! at org.eclipse.jetty.servlet.ServletHandler$CachedChain.doFilter(ServletHandler.java:1515) [jetty-servlet-9.0.7.v20131107.jar:9.0.7.v20131107]
! at org.eclipse.jetty.servlets.UserAgentFilter.doFilter(UserAgentFilter.java:83) [jetty-servlets-9.0.7.v20131107.jar:9.0.7.v20131107]
! at org.eclipse.jetty.servlets.GzipFilter.doFilter(GzipFilter.java:348) [jetty-servlets-9.0.7.v20131107.jar:9.0.7.v20131107]
! at io.dropwizard.jetty.BiDiGzipFilter.doFilter(BiDiGzipFilter.java:127) [dropwizard-jetty-0.7.1.jar:0.7.1]
! at org.eclipse.jetty.servlet.ServletHandler$CachedChain.doFilter(ServletHandler.java:1486) [jetty-servlet-9.0.7.v20131107.jar:9.0.7.v20131107]
! at io.dropwizard.servlets.ThreadNameFilter.doFilter(ThreadNameFilter.java:29) [dropwizard-servlets-0.7.1.jar:0.7.1]
! at org.eclipse.jetty.servlet.ServletHandler$CachedChain.doFilter(ServletHandler.java:1486) [jetty-servlet-9.0.7.v20131107.jar:9.0.7.v20131107]
! at io.dropwizard.jersey.filter.AllowedMethodsFilter.handle(AllowedMethodsFilter.java:44) [dropwizard-jersey-0.7.1.jar:0.7.1]
! at io.dropwizard.jersey.filter.AllowedMethodsFilter.doFilter(AllowedMethodsFilter.java:39) [dropwizard-jersey-0.7.1.jar:0.7.1]
! at org.eclipse.jetty.servlet.ServletHandler$CachedChain.doFilter(ServletHandler.java:1486) [jetty-servlet-9.0.7.v20131107.jar:9.0.7.v20131107]
! at org.eclipse.jetty.servlet.ServletHandler.doHandle(ServletHandler.java:519) [jetty-servlet-9.0.7.v20131107.jar:9.0.7.v20131107]
! at org.eclipse.jetty.server.handler.ContextHandler.doHandle(ContextHandler.java:1097) [jetty-server-9.0.7.v20131107.jar:9.0.7.v20131107]
! at org.eclipse.jetty.servlet.ServletHandler.doScope(ServletHandler.java:448) [jetty-servlet-9.0.7.v20131107.jar:9.0.7.v20131107]
! at org.eclipse.jetty.server.handler.ContextHandler.doScope(ContextHandler.java:1031) [jetty-server-9.0.7.v20131107.jar:9.0.7.v20131107]
! at org.eclipse.jetty.server.handler.ScopedHandler.handle(ScopedHandler.java:136) [jetty-server-9.0.7.v20131107.jar:9.0.7.v20131107]
! at org.eclipse.jetty.server.handler.HandlerWrapper.handle(HandlerWrapper.java:97) [jetty-server-9.0.7.v20131107.jar:9.0.7.v20131107]
! at com.codahale.metrics.jetty9.InstrumentedHandler.handle(InstrumentedHandler.java:175) [metrics-jetty9-3.0.2.jar:3.0.2]
! at io.dropwizard.jetty.RoutingHandler.handle(RoutingHandler.java:51) [dropwizard-jetty-0.7.1.jar:0.7.1]
! at org.eclipse.jetty.server.handler.HandlerWrapper.handle(HandlerWrapper.java:97) [jetty-server-9.0.7.v20131107.jar:9.0.7.v20131107]
! at org.eclipse.jetty.server.handler.RequestLogHandler.handle(RequestLogHandler.java:92) [jetty-server-9.0.7.v20131107.jar:9.0.7.v20131107]
! at org.eclipse.jetty.server.handler.HandlerWrapper.handle(HandlerWrapper.java:97) [jetty-server-9.0.7.v20131107.jar:9.0.7.v20131107]
! at org.eclipse.jetty.server.handler.StatisticsHandler.handle(StatisticsHandler.java:162) [jetty-server-9.0.7.v20131107.jar:9.0.7.v20131107]
! at org.eclipse.jetty.server.handler.HandlerWrapper.handle(HandlerWrapper.java:97) [jetty-server-9.0.7.v20131107.jar:9.0.7.v20131107]
! at org.eclipse.jetty.server.Server.handle(Server.java:446) [jetty-server-9.0.7.v20131107.jar:9.0.7.v20131107]
! at org.eclipse.jetty.server.HttpChannel.handle(HttpChannel.java:271) [jetty-server-9.0.7.v20131107.jar:9.0.7.v20131107]
! at org.eclipse.jetty.server.HttpConnection.onFillable(HttpConnection.java:246) [jetty-server-9.0.7.v20131107.jar:9.0.7.v20131107]
! at org.eclipse.jetty.io.AbstractConnection$ReadCallback.run(AbstractConnection.java:358) [jetty-io-9.0.7.v20131107.jar:9.0.7.v20131107]
! at org.eclipse.jetty.util.thread.QueuedThreadPool.runJob(QueuedThreadPool.java:601) [jetty-util-9.0.7.v20131107.jar:9.0.7.v20131107]
! at org.eclipse.jetty.util.thread.QueuedThreadPool$3.run(QueuedThreadPool.java:532) [jetty-util-9.0.7.v20131107.jar:9.0.7.v20131107]
! at java.lang.Thread.run(Thread.java:745) [na:1.7.0_79]
